<?xml version="1.0" encoding="UTF-8"?>
<!-- Generated by org.testng.reporters.JUnitXMLReporter -->
<testsuite ignored="3" hostname="DESKTOP-2TTEA4F" failures="0" tests="1" name="EdgeTest" time="82.424" errors="0" timestamp="2024-12-09T12:28:37 IST">
  <testcase classname="testScript.LoginTest" name="loginWrong1" time="0.0">
    <skipped/>
  </testcase> <!-- loginWrong1 -->
  <testcase classname="testScript.LoginTest" name="loginWrong3" time="0.0">
    <ignored/>
  </testcase> <!-- loginWrong3 -->
  <testcase classname="testScript.LoginTest" name="loginWrong2" time="0.0">
    <ignored/>
  </testcase> <!-- loginWrong2 -->
  <testcase classname="testScript.LoginTest" name="verifyLoginWithValidCredentials" time="0.0">
    <ignored/>
  </testcase> <!-- verifyLoginWithValidCredentials -->
</testsuite> <!-- EdgeTest -->
