<?xml version="1.0" encoding="UTF-8"?>
<testng-results ignored="0" total="1" passed="1" failed="0" skipped="0">
  <reporter-output>
  </reporter-output>
  <suite started-at="2024-12-10T12:31:30 IST" name="Suite" finished-at="2024-12-10T12:31:54 IST" duration-ms="24033">
    <groups>
      <group name="Regression">
        <method signature="LoginTest.verifyLoginWithValidCredentials()[pri:0, instance:testScript.LoginTest@79207381]" name="verifyLoginWithValidCredentials" class="testScript.LoginTest"/>
      </group> <!-- Regression -->
    </groups>
    <test started-at="2024-12-10T12:31:30 IST" name="Test" finished-at="2024-12-10T12:31:54 IST" duration-ms="24033">
      <class name="testScript.LoginTest">
        <test-method is-config="true" signature="initializeBrowser(java.lang.String)[pri:0, instance:testScript.LoginTest@79207381]" started-at="2024-12-10T12:31:30 IST" name="initializeBrowser" finished-at="2024-12-10T12:31:47 IST" duration-ms="17060" status="PASS">
          <params>
            <param index="0">
              <value>
                <![CDATA[Chrome]]>
              </value>
            </param>
          </params>
          <reporter-output>
          </reporter-output>
        </test-method> <!-- initializeBrowser -->
        <test-method signature="verifyLoginWithValidCredentials()[pri:0, instance:testScript.LoginTest@79207381]" started-at="2024-12-10T12:31:47 IST" name="verifyLoginWithValidCredentials" description="Verify whether the user is able to login with correct credentials" finished-at="2024-12-10T12:31:53 IST" duration-ms="5371" status="PASS">
          <reporter-output>
          </reporter-output>
        </test-method> <!-- verifyLoginWithValidCredentials -->
        <test-method is-config="true" signature="browserQuit(org.testng.ITestResult)[pri:0, instance:testScript.LoginTest@79207381]" started-at="2024-12-10T12:31:53 IST" name="browserQuit" finished-at="2024-12-10T12:31:54 IST" duration-ms="1456" status="PASS">
          <params>
            <param index="0">
              <value>
                <![CDATA[[TestResult name=verifyLoginWithValidCredentials status=SUCCESS method=LoginTest.verifyLoginWithValidCredentials()[pri:0, instance:testScript.LoginTest@79207381] output={null}]]]>
              </value>
            </param>
          </params>
          <reporter-output>
          </reporter-output>
        </test-method> <!-- browserQuit -->
      </class> <!-- testScript.LoginTest -->
    </test> <!-- Test -->
  </suite> <!-- Suite -->
</testng-results>
